<?xml version="1.0" encoding="UTF-8"?>
<!-- Generated by org.testng.reporters.JUnitXMLReporter -->
<testsuite hostname="DESKTOP-JCCOFNH" failures="0" tests="1" name="Test" time="0.014" errors="0" timestamp="14 Mar 2023 14:58:16 GMT">
  <testcase classname="com.magrabi.WEB.Tests.Test_SignInPage" name="@BeforeSuite beforeTestt" time="0.0">
    <failure type="java.lang.NoSuchMethodError" message="&amp;apos;org.slf4j.impl.StaticLoggerBinder org.slf4j.impl.StaticLoggerBinder.getSingleton()&amp;apos;">
      <![CDATA[java.lang.NoSuchMethodError: 'org.slf4j.impl.StaticLoggerBinder org.slf4j.impl.StaticLoggerBinder.getSingleton()'
	at org.slf4j.LoggerFactory.bind(LoggerFactory.java:150)
	at org.slf4j.LoggerFactory.performInitialization(LoggerFactory.java:124)
	at org.slf4j.LoggerFactory.getILoggerFactory(LoggerFactory.java:417)
	at org.slf4j.LoggerFactory.getLogger(LoggerFactory.java:362)
	at org.slf4j.LoggerFactory.getLogger(LoggerFactory.java:388)
	at io.github.bonigarcia.wdm.WebDriverManager.<clinit>(WebDriverManager.java:159)
	at com.magrabi.WEB.Tests.Test_SignInPage.beforeTestt(Test_SignInPage.java:69)
... Removed 16 stack frames]]>
    </failure>
  </testcase> <!-- @BeforeSuite beforeTestt -->
  <testcase classname="com.magrabi.WEB.Tests.Test_SignInPage" name="magrabiSignIn" time="0.002">
    <skipped/>
  </testcase> <!-- magrabiSignIn -->
</testsuite> <!-- Test -->
